#
# There is insufficient memory for the Java Runtime Environment to continue.
# Native memory allocation (malloc) failed to allocate 1755376 bytes for Chunk::new
# Possible reasons:
#   The system is out of physical RAM or swap space
#   In 32 bit mode, the process size limit was hit
# Possible solutions:
#   Reduce memory load on the system
#   Increase physical memory or swap space
#   Check if swap backing store is full
#   Use 64 bit Java on a 64 bit OS
#   Decrease Java heap size (-Xmx/-Xms)
#   Decrease number of Java threads
#   Decrease Java thread stack sizes (-Xss)
#   Set larger code cache with -XX:ReservedCodeCacheSize=
# This output file may be truncated or incomplete.
#
#  Out of Memory Error (allocation.cpp:390), pid=8052, tid=0x0000000000000c3c
#
# JRE version: OpenJDK Runtime Environment (8.0_152-b02) (build 1.8.0_152-release-1024-b02)
# Java VM: OpenJDK 64-Bit Server VM (25.152-b02 mixed mode windows-amd64 compressed oops)
# Failed to write core dump. Minidumps are not enabled by default on client versions of Windows
#

---------------  T H R E A D  ---------------

Current thread (0x00000000163ed000):  JavaThread "C2 CompilerThread0" daemon [_thread_in_native, id=3132, stack(0x0000000018340000,0x0000000018440000)]

Stack: [0x0000000018340000,0x0000000018440000]
[error occurred during error reporting (printing stack bounds), id 0xc0000005]

Native frames: (J=compiled Java code, j=interpreted, Vv=VM code, C=native code)


Current CompileTask:
C2:6505210 34490   !   4       com.sun.org.apache.xerces.internal.dom.CoreDocumentImpl::adoptNode (512 bytes)


---------------  P R O C E S S  ---------------

Java Threads: ( => current thread )
  0x000000001eed6800 JavaThread "pool-316-thread-1" [_thread_blocked, id=6564, stack(0x0000000073f60000,0x0000000074060000)]
  0x000000001eed6000 JavaThread "stdout" daemon [_thread_in_native, id=8476, stack(0x0000000073e60000,0x0000000073f60000)]
  0x000000001eed4800 JavaThread "stderr" daemon [_thread_in_native, id=10916, stack(0x0000000073d60000,0x0000000073e60000)]
  0x000000001eed5000 JavaThread "stdout" daemon [_thread_in_native, id=1976, stack(0x0000000073c60000,0x0000000073d60000)]
  0x000000001eecc800 JavaThread "stderr" daemon [_thread_in_native, id=10044, stack(0x0000000073b60000,0x0000000073c60000)]
  0x000000001eed3800 JavaThread "stdout" daemon [_thread_in_native, id=11700, stack(0x0000000073a60000,0x0000000073b60000)]
  0x000000001eecb000 JavaThread "stderr" daemon [_thread_in_native, id=3228, stack(0x0000000073960000,0x0000000073a60000)]
  0x000000001eed2000 JavaThread "stdout" daemon [_thread_in_native, id=10316, stack(0x0000000073860000,0x0000000073960000)]
  0x000000001c719800 JavaThread "stderr" daemon [_thread_in_native, id=11900, stack(0x0000000073760000,0x0000000073860000)]
  0x000000001c70f000 JavaThread "stdout" daemon [_thread_in_native, id=11592, stack(0x0000000073660000,0x0000000073760000)]
  0x000000001c716000 JavaThread "stderr" daemon [_thread_in_native, id=908, stack(0x0000000073560000,0x0000000073660000)]
  0x000000001c70e000 JavaThread "stdout" daemon [_thread_in_native, id=9708, stack(0x0000000073460000,0x0000000073560000)]
  0x000000001c715000 JavaThread "stderr" daemon [_thread_in_native, id=2496, stack(0x0000000073360000,0x0000000073460000)]
  0x000000001c70d800 JavaThread "queued-resource-processor_78" daemon [_thread_blocked, id=8616, stack(0x0000000073260000,0x0000000073360000)]
  0x000000001c714800 JavaThread "queued-resource-processor_77" daemon [_thread_blocked, id=5404, stack(0x0000000073160000,0x0000000073260000)]
  0x000000001c713800 JavaThread "queued-resource-processor_76" daemon [_thread_blocked, id=5608, stack(0x0000000073060000,0x0000000073160000)]
  0x000000001c70c800 JavaThread "queued-resource-processor_75" daemon [_thread_blocked, id=9104, stack(0x0000000072f60000,0x0000000073060000)]
  0x000000001c70c000 JavaThread "queued-resource-processor_74" daemon [_thread_blocked, id=9492, stack(0x0000000072e60000,0x0000000072f60000)]
  0x000000001c70b000 JavaThread "queued-resource-processor_73" daemon [_thread_blocked, id=5104, stack(0x0000000072d60000,0x0000000072e60000)]
  0x000000001c711800 JavaThread "Task worker for ':' Thread 5" [_thread_blocked, id=1812, stack(0x0000000072c60000,0x0000000072d60000)]
  0x000000001ddf2000 JavaThread "Task worker for ':' Thread 4" [_thread_blocked, id=1912, stack(0x0000000072b60000,0x0000000072c60000)]
  0x000000001ddf1800 JavaThread "Task worker for ':' Thread 3" [_thread_blocked, id=10828, stack(0x0000000072a60000,0x0000000072b60000)]
  0x000000001ddf8000 JavaThread "Task worker for ':' Thread 2" [_thread_blocked, id=8868, stack(0x0000000072960000,0x0000000072a60000)]
  0x000000001ddf7800 JavaThread "Task worker for ':'" [_thread_blocked, id=5232, stack(0x0000000072860000,0x0000000072960000)]
  0x000000001ddf6800 JavaThread "Cache worker for Build Output Cleanup Cache (C:\Users\User\Desktop\123\lab11\.gradle\buildOutputCleanup)" [_thread_blocked, id=10764, stack(0x0000000072760000,0x0000000072860000)]
  0x000000001ddf4800 JavaThread "Cache worker for task history cache (C:\Users\User\Desktop\123\lab11\.gradle\4.4\taskHistory)" [_thread_blocked, id=4520, stack(0x0000000072660000,0x0000000072760000)]
  0x000000001ddf5000 JavaThread "build operations Thread 6" [_thread_blocked, id=3244, stack(0x0000000072560000,0x0000000072660000)]
  0x000000001ddf6000 JavaThread "build operations Thread 5" [_thread_blocked, id=3272, stack(0x0000000072460000,0x0000000072560000)]
  0x000000001ddf3800 JavaThread "build operations Thread 4" [_thread_blocked, id=9888, stack(0x0000000072360000,0x0000000072460000)]
  0x000000001ddea000 JavaThread "build operations Thread 3" [_thread_blocked, id=12160, stack(0x0000000072260000,0x0000000072360000)]
  0x000000001ddea800 JavaThread "build operations Thread 2" [_thread_blocked, id=3184, stack(0x0000000072160000,0x0000000072260000)]
  0x000000001ddf0800 JavaThread "build operations" [_thread_blocked, id=10756, stack(0x0000000072060000,0x0000000072160000)]
  0x000000001ddeb800 JavaThread "Cache worker for Artifact transforms cache (C:\Users\User\.gradle\caches\transforms-1)" [_thread_blocked, id=9500, stack(0x0000000071f60000,0x0000000072060000)]
  0x000000001ddef000 JavaThread "Cache worker for file hash cache (C:\Users\User\Desktop\123\lab11\.gradle\4.4\fileHashes)" [_thread_blocked, id=1956, stack(0x0000000071e60000,0x0000000071f60000)]
  0x000000001ddf0000 JavaThread "Stdin handler" [_thread_blocked, id=7936, stack(0x0000000071d60000,0x0000000071e60000)]
  0x000000001ddee800 JavaThread "Asynchronous log dispatcher for DefaultDaemonConnection: socket connection from /127.0.0.1:1696 to /127.0.0.1:2478" [_thread_blocked, id=868, stack(0x0000000071c60000,0x0000000071d60000)]
  0x000000001ddec000 JavaThread "Cancel handler" [_thread_blocked, id=9496, stack(0x0000000071b60000,0x0000000071c60000)]
  0x000000001dded800 JavaThread "Handler for socket connection from /127.0.0.1:1696 to /127.0.0.1:2478" [_thread_in_native, id=9964, stack(0x0000000071a60000,0x0000000071b60000)]
  0x000000001dde9000 JavaThread "Daemon worker Thread 7" [_thread_in_native, id=9896, stack(0x0000000070f60000,0x0000000071060000)]
  0x000000001ecac000 JavaThread "Daemon Thread 7" [_thread_blocked, id=9856, stack(0x0000000070c60000,0x0000000070d60000)]
  0x000000001ecae800 JavaThread "File lock release action executor" [_thread_blocked, id=11716, stack(0x0000000070b60000,0x0000000070c60000)]
  0x0000000019c10000 JavaThread "RMI Reaper" [_thread_blocked, id=9900, stack(0x0000000030ce0000,0x0000000030de0000)]
  0x0000000019c0c800 JavaThread "RMI TCP Accept-0" daemon [_thread_in_native, id=10416, stack(0x0000000030be0000,0x0000000030ce0000)]
  0x0000000019c12800 JavaThread "GC Daemon" daemon [_thread_blocked, id=11780, stack(0x0000000030ae0000,0x0000000030be0000)]
  0x0000000019c13000 JavaThread "RMI Scheduler(0)" daemon [_thread_blocked, id=11828, stack(0x00000000308e0000,0x00000000309e0000)]
  0x000000001c51f000 JavaThread "Memory manager" [_thread_blocked, id=7420, stack(0x00000000221a0000,0x00000000222a0000)]
  0x0000000019d5c000 JavaThread "File lock request listener" [_thread_in_native, id=4440, stack(0x000000001af10000,0x000000001b010000)]
  0x0000000019a1b800 JavaThread "Cache worker for file hash cache (C:\Users\User\.gradle\caches\4.4\fileHashes)" [_thread_blocked, id=440, stack(0x000000001ae10000,0x000000001af10000)]
  0x00000000196f5800 JavaThread "Daemon periodic checks" [_thread_blocked, id=8004, stack(0x000000001a310000,0x000000001a410000)]
  0x000000001969d000 JavaThread "Incoming local TCP Connector on port 1696" [_thread_in_native, id=8272, stack(0x000000001a210000,0x000000001a310000)]
  0x0000000017e0e000 JavaThread "Service Thread" daemon [_thread_blocked, id=8584, stack(0x0000000018640000,0x0000000018740000)]
  0x0000000017d8d000 JavaThread "C1 CompilerThread2" daemon [_thread_blocked, id=6692, stack(0x0000000018540000,0x0000000018640000)]
  0x0000000017d8c000 JavaThread "C2 CompilerThread1" daemon [_thread_blocked, id=216, stack(0x0000000018440000,0x0000000018540000)]
=>0x00000000163ed000 JavaThread "C2 CompilerThread0" daemon [_thread_in_native, id=3132, stack(0x0000000018340000,0x0000000018440000)]
  0x0000000017d8a800 JavaThread "Attach Listener" daemon [_thread_blocked, id=3188, stack(0x0000000018240000,0x0000000018340000)]
  0x00000000163e1000 JavaThread "Signal Dispatcher" daemon [_thread_blocked, id=3080, stack(0x0000000018140000,0x0000000018240000)]
  0x00000000163c0800 JavaThread "Finalizer" daemon [_thread_blocked, id=8996, stack(0x0000000017c40000,0x0000000017d40000)]
  0x0000000002725800 JavaThread "Reference Handler" daemon [_thread_blocked, id=852, stack(0x0000000017b40000,0x0000000017c40000)]
  0x000000000281e000 JavaThread "main" [_thread_blocked, id=3104, stack(0x0000000000c40000,0x0000000000d40000)]

Other Threads:
  0x0000000016395800 VMThread [stack: 0x0000000017a40000,0x0000000017b40000] [id=3100]
  0x0000000017e0e800 WatcherThread [stack: 0x0000000018740000,0x0000000018840000] [id=9020]

VM state:not at safepoint (normal execution)

VM Mutex/Monitor currently owned by a thread: None

Heap:
 PSYoungGen      total 484352K, used 117430K [0x00000000e0000000, 0x0000000100000000, 0x0000000100000000)
  eden space 448512K, 19% used [0x00000000e0000000,0x00000000e54f8488,0x00000000fb600000)
  from space 35840K, 84% used [0x00000000fb600000,0x00000000fd3b5570,0x00000000fd900000)
  to   space 39424K, 0% used [0x00000000fd980000,0x00000000fd980000,0x0000000100000000)
 ParOldGen       total 224256K, used 44375K [0x00000000a0000000, 0x00000000adb00000, 0x00000000e0000000)
  object space 224256K, 19% used [0x00000000a0000000,0x00000000a2b55e60,0x00000000adb00000)
 Metaspace       used 130376K, capacity 137437K, committed 137688K, reserved 1169408K
  class space    used 16287K, capacity 17661K, committed 17664K, reserved 1048576K

Card table byte_map: [0x0000000011be0000,0x0000000011ef0000] byte_map_base: 0x00000000116e0000

Marking Bits: (ParMarkBitMap*) 0x000000006ca94970
 Begin Bits: [0x00000000126f0000, 0x0000000013ef0000)
 End Bits:   [0x0000000013ef0000, 0x00000000156f0000)

Polling page: 0x0000000000810000

CodeCache: size=245760Kb used=88118Kb max_used=88118Kb free=157641Kb
 bounds [0x0000000002820000, 0x0000000007eb0000, 0x0000000011820000]
 total_blobs=27139 nmethods=26206 adapters=843
 compilation: enabled

Compilation events (10 events):
Event: 6503.605 Thread 0x0000000017d8d000 34496       3       com.google.common.base.Stopwatch::elapsed (12 bytes)
Event: 6503.605 Thread 0x0000000017d8d000 nmethod 34496 0x0000000007ea7090 code [0x0000000007ea7220, 0x0000000007ea75d8]
Event: 6503.609 Thread 0x0000000017d8d000 34497       3       com.google.common.cache.LocalCache$LoadingValueReference::get (10 bytes)
Event: 6503.609 Thread 0x0000000017d8d000 nmethod 34497 0x0000000007ea5b10 code [0x0000000007ea5c80, 0x0000000007ea5ea8]
Event: 6503.609 Thread 0x0000000017d8d000 34498       3       com.google.common.cache.LocalCache$LoadingValueReference::isActive (10 bytes)
Event: 6503.610 Thread 0x0000000017d8d000 nmethod 34498 0x0000000007ea6c50 code [0x0000000007ea6dc0, 0x0000000007ea6fe8]
Event: 6503.617 Thread 0x0000000017d8d000 34499       3       com.google.common.io.Files::asCharSink (10 bytes)
Event: 6503.618 Thread 0x0000000017d8d000 nmethod 34499 0x0000000007eaa850 code [0x0000000007eaaa40, 0x0000000007eab3a8]
Event: 6503.618 Thread 0x0000000017d8d000 34500       3       com.google.common.io.ByteSink::asCharSink (11 bytes)
Event: 6503.618 Thread 0x0000000017d8d000 nmethod 34500 0x0000000007eabb50 code [0x0000000007eabce0, 0x0000000007eac188]

GC Heap History (10 events):
Event: 5985.865 GC heap before
{Heap before GC invocations=50 (full 5):
 PSYoungGen      total 484864K, used 465739K [0x00000000e0000000, 0x0000000100000000, 0x0000000100000000)
  eden space 448512K, 100% used [0x00000000e0000000,0x00000000fb600000,0x00000000fb600000)
  from space 36352K, 47% used [0x00000000fdc80000,0x00000000fed52ea8,0x0000000100000000)
  to   space 37888K, 0% used [0x00000000fb600000,0x00000000fb600000,0x00000000fdb00000)
 ParOldGen       total 224256K, used 44319K [0x00000000a0000000, 0x00000000adb00000, 0x00000000e0000000)
  object space 224256K, 19% used [0x00000000a0000000,0x00000000a2b47e60,0x00000000adb00000)
 Metaspace       used 125266K, capacity 130813K, committed 132440K, reserved 1165312K
  class space    used 15591K, capacity 16654K, committed 17024K, reserved 1048576K
Event: 5985.904 GC heap after
Heap after GC invocations=50 (full 5):
 PSYoungGen      total 472064K, used 23438K [0x00000000e0000000, 0x0000000100000000, 0x0000000100000000)
  eden space 448512K, 0% used [0x00000000e0000000,0x00000000e0000000,0x00000000fb600000)
  from space 23552K, 99% used [0x00000000fb600000,0x00000000fcce3890,0x00000000fcd00000)
  to   space 38912K, 0% used [0x00000000fda00000,0x00000000fda00000,0x0000000100000000)
 ParOldGen       total 224256K, used 44327K [0x00000000a0000000, 0x00000000adb00000, 0x00000000e0000000)
  object space 224256K, 19% used [0x00000000a0000000,0x00000000a2b49e60,0x00000000adb00000)
 Metaspace       used 125266K, capacity 130813K, committed 132440K, reserved 1165312K
  class space    used 15591K, capacity 16654K, committed 17024K, reserved 1048576K
}
Event: 5986.797 GC heap before
{Heap before GC invocations=51 (full 5):
 PSYoungGen      total 472064K, used 471950K [0x00000000e0000000, 0x0000000100000000, 0x0000000100000000)
  eden space 448512K, 100% used [0x00000000e0000000,0x00000000fb600000,0x00000000fb600000)
  from space 23552K, 99% used [0x00000000fb600000,0x00000000fcce3890,0x00000000fcd00000)
  to   space 38912K, 0% used [0x00000000fda00000,0x00000000fda00000,0x0000000100000000)
 ParOldGen       total 224256K, used 44327K [0x00000000a0000000, 0x00000000adb00000, 0x00000000e0000000)
  object space 224256K, 19% used [0x00000000a0000000,0x00000000a2b49e60,0x00000000adb00000)
 Metaspace       used 125366K, capacity 130881K, committed 132696K, reserved 1165312K
  class space    used 15591K, capacity 16654K, committed 17024K, reserved 1048576K
Event: 5986.809 GC heap after
Heap after GC invocations=51 (full 5):
 PSYoungGen      total 487424K, used 15329K [0x00000000e0000000, 0x0000000100000000, 0x0000000100000000)
  eden space 448512K, 0% used [0x00000000e0000000,0x00000000e0000000,0x00000000fb600000)
  from space 38912K, 39% used [0x00000000fda00000,0x00000000fe8f85e0,0x0000000100000000)
  to   space 36864K, 0% used [0x00000000fb600000,0x00000000fb600000,0x00000000fda00000)
 ParOldGen       total 224256K, used 44335K [0x00000000a0000000, 0x00000000adb00000, 0x00000000e0000000)
  object space 224256K, 19% used [0x00000000a0000000,0x00000000a2b4be60,0x00000000adb00000)
 Metaspace       used 125366K, capacity 130881K, committed 132696K, reserved 1165312K
  class space    used 15591K, capacity 16654K, committed 17024K, reserved 1048576K
}
Event: 5990.689 GC heap before
{Heap before GC invocations=52 (full 5):
 PSYoungGen      total 487424K, used 463107K [0x00000000e0000000, 0x0000000100000000, 0x0000000100000000)
  eden space 448512K, 99% used [0x00000000e0000000,0x00000000fb548820,0x00000000fb600000)
  from space 38912K, 39% used [0x00000000fda00000,0x00000000fe8f85e0,0x0000000100000000)
  to   space 36864K, 0% used [0x00000000fb600000,0x00000000fb600000,0x00000000fda00000)
 ParOldGen       total 224256K, used 44335K [0x00000000a0000000, 0x00000000adb00000, 0x00000000e0000000)
  object space 224256K, 19% used [0x00000000a0000000,0x00000000a2b4be60,0x00000000adb00000)
 Metaspace       used 126119K, capacity 131717K, committed 133336K, reserved 1165312K
  class space    used 15664K, capacity 16734K, committed 17152K, reserved 1048576K
Event: 5990.701 GC heap after
Heap after GC invocations=52 (full 5):
 PSYoungGen      total 467456K, used 18442K [0x00000000e0000000, 0x00000000ffc00000, 0x0000000100000000)
  eden space 448512K, 0% used [0x00000000e0000000,0x00000000e0000000,0x00000000fb600000)
  from space 18944K, 97% used [0x00000000fb600000,0x00000000fc802b20,0x00000000fc880000)
  to   space 35840K, 0% used [0x00000000fd900000,0x00000000fd900000,0x00000000ffc00000)
 ParOldGen       total 224256K, used 44343K [0x00000000a0000000, 0x00000000adb00000, 0x00000000e0000000)
  object space 224256K, 19% used [0x00000000a0000000,0x00000000a2b4de60,0x00000000adb00000)
 Metaspace       used 126119K, capacity 131717K, committed 133336K, reserved 1165312K
  class space    used 15664K, capacity 16734K, committed 17152K, reserved 1048576K
}
Event: 6302.123 GC heap before
{Heap before GC invocations=53 (full 5):
 PSYoungGen      total 467456K, used 466954K [0x00000000e0000000, 0x00000000ffc00000, 0x0000000100000000)
  eden space 448512K, 100% used [0x00000000e0000000,0x00000000fb600000,0x00000000fb600000)
  from space 18944K, 97% used [0x00000000fb600000,0x00000000fc802b20,0x00000000fc880000)
  to   space 35840K, 0% used [0x00000000fd900000,0x00000000fd900000,0x00000000ffc00000)
 ParOldGen       total 224256K, used 44343K [0x00000000a0000000, 0x00000000adb00000, 0x00000000e0000000)
  object space 224256K, 19% used [0x00000000a0000000,0x00000000a2b4de60,0x00000000adb00000)
 Metaspace       used 128407K, capacity 134705K, committed 135000K, reserved 1167360K
  class space    used 15956K, capacity 17148K, committed 17280K, reserved 1048576K
Event: 6302.151 GC heap after
Heap after GC invocations=53 (full 5):
 PSYoungGen      total 484352K, used 20775K [0x00000000e0000000, 0x0000000100000000, 0x0000000100000000)
  eden space 448512K, 0% used [0x00000000e0000000,0x00000000e0000000,0x00000000fb600000)
  from space 35840K, 57% used [0x00000000fd900000,0x00000000fed49d20,0x00000000ffc00000)
  to   space 35840K, 0% used [0x00000000fb600000,0x00000000fb600000,0x00000000fd900000)
 ParOldGen       total 224256K, used 44367K [0x00000000a0000000, 0x00000000adb00000, 0x00000000e0000000)
  object space 224256K, 19% used [0x00000000a0000000,0x00000000a2b53e60,0x00000000adb00000)
 Metaspace       used 128407K, capacity 134705K, committed 135000K, reserved 1167360K
  class space    used 15956K, capacity 17148K, committed 17280K, reserved 1048576K
}
Event: 6500.664 GC heap before
{Heap before GC invocations=54 (full 5):
 PSYoungGen      total 484352K, used 469287K [0x00000000e0000000, 0x0000000100000000, 0x0000000100000000)
  eden space 448512K, 100% used [0x00000000e0000000,0x00000000fb600000,0x00000000fb600000)
  from space 35840K, 57% used [0x00000000fd900000,0x00000000fed49d20,0x00000000ffc00000)
  to   space 35840K, 0% used [0x00000000fb600000,0x00000000fb600000,0x00000000fd900000)
 ParOldGen       total 224256K, used 44367K [0x00000000a0000000, 0x00000000adb00000, 0x00000000e0000000)
  object space 224256K, 19% used [0x00000000a0000000,0x00000000a2b53e60,0x00000000adb00000)
 Metaspace       used 130353K, capacity 137437K, committed 137688K, reserved 1169408K
  class space    used 16287K, capacity 17661K, committed 17664K, reserved 1048576K
Event: 6500.685 GC heap after
Heap after GC invocations=54 (full 5):
 PSYoungGen      total 484352K, used 30421K [0x00000000e0000000, 0x0000000100000000, 0x0000000100000000)
  eden space 448512K, 0% used [0x00000000e0000000,0x00000000e0000000,0x00000000fb600000)
  from space 35840K, 84% used [0x00000000fb600000,0x00000000fd3b5570,0x00000000fd900000)
  to   space 39424K, 0% used [0x00000000fd980000,0x00000000fd980000,0x0000000100000000)
 ParOldGen       total 224256K, used 44375K [0x00000000a0000000, 0x00000000adb00000, 0x00000000e0000000)
  object space 224256K, 19% used [0x00000000a0000000,0x00000000a2b55e60,0x00000000adb00000)
 Metaspace       used 130353K, capacity 137437K, committed 137688K, reserved 1169408K
  class space    used 16287K, capacity 17661K, committed 17664K, reserved 1048576K
}

Deoptimization events (10 events):
Event: 6497.086 Thread 0x000000001dde9000 Uncommon trap: reason=class_check action=maybe_recompile pc=0x000000000586361c method=org.objectweb.asm.MethodVisitor.visitEnd()V @ 11
Event: 6497.157 Thread 0x000000001dde9000 Uncommon trap: reason=unstable_if action=reinterpret pc=0x00000000058fd0bc method=org.objectweb.asm.ClassWriter.visitInnerClass(Ljava/lang/String;Ljava/lang/String;Ljava/lang/String;I)V @ 61
Event: 6497.157 Thread 0x000000001dde9000 Uncommon trap: reason=class_check action=maybe_recompile pc=0x0000000005785f60 method=org.objectweb.asm.ClassReader.readField(Lorg/objectweb/asm/ClassVisitor;Lorg/objectweb/asm/Context;I)I @ 649
Event: 6497.412 Thread 0x000000001dde9000 Uncommon trap: reason=unstable_if action=reinterpret pc=0x000000000459869c method=org.objectweb.asm.MethodVisitor.visitIntInsn(II)V @ 4
Event: 6497.881 Thread 0x000000001dde9000 Uncommon trap: reason=array_check action=maybe_recompile pc=0x0000000007746c14 method=sun.reflect.Reflection.filter([Ljava/lang/reflect/Member;[Ljava/lang/String;)[Ljava/lang/reflect/Member; @ 211
Event: 6498.376 Thread 0x000000001ddea800 Uncommon trap: reason=unstable_if action=reinterpret pc=0x0000000004eb18a4 method=java.util.concurrent.ConcurrentLinkedQueue.offer(Ljava/lang/Object;)Z @ 91
Event: 6500.643 Thread 0x000000001ddf4800 Uncommon trap: reason=unstable_if action=reinterpret pc=0x00000000047d4ad0 method=java.util.regex.Pattern$Curly.match0(Ljava/util/regex/Matcher;IILjava/lang/CharSequence;)Z @ 5
Event: 6500.921 Thread 0x000000001ddf4800 Uncommon trap: reason=unstable_if action=reinterpret pc=0x000000000386dea0 method=java.util.regex.Pattern$Curly.match0(Ljava/util/regex/Matcher;IILjava/lang/CharSequence;)Z @ 5
Event: 6501.065 Thread 0x000000001ddf4800 Uncommon trap: reason=unstable_if action=reinterpret pc=0x00000000042c1fe0 method=com.esotericsoftware.kryo.io.Input.readInt(Z)I @ 42
Event: 6502.226 Thread 0x000000001ddf4800 Uncommon trap: reason=unstable_if action=reinterpret pc=0x0000000007d2e920 method=com.esotericsoftware.kryo.io.Input.readBytes([BII)V @ 61

Classes redefined (0 events):
No events

Internal exceptions (10 events):
Event: 6500.949 Thread 0x000000001dde9000 Exception <a 'sun/nio/fs/WindowsException'> (0x00000000e0a6af40) thrown at [D:\src\AOSP-openjdk-cygwin\jdk8u\hotspot\src\share\vm\prims\jni.cpp, line 709]
Event: 6500.949 Thread 0x000000001dde9000 Exception <a 'sun/nio/fs/WindowsException'> (0x00000000e0a6bbf8) thrown at [D:\src\AOSP-openjdk-cygwin\jdk8u\hotspot\src\share\vm\prims\jni.cpp, line 709]
Event: 6501.004 Thread 0x000000001dde9000 Exception <a 'sun/nio/fs/WindowsException'> (0x00000000e0af98f0) thrown at [D:\src\AOSP-openjdk-cygwin\jdk8u\hotspot\src\share\vm\prims\jni.cpp, line 709]
Event: 6501.004 Thread 0x000000001dde9000 Exception <a 'sun/nio/fs/WindowsException'> (0x00000000e0afa598) thrown at [D:\src\AOSP-openjdk-cygwin\jdk8u\hotspot\src\share\vm\prims\jni.cpp, line 709]
Event: 6501.004 Thread 0x000000001dde9000 Exception <a 'sun/nio/fs/WindowsException'> (0x00000000e0afc610) thrown at [D:\src\AOSP-openjdk-cygwin\jdk8u\hotspot\src\share\vm\prims\jni.cpp, line 709]
Event: 6501.004 Thread 0x000000001dde9000 Exception <a 'sun/nio/fs/WindowsException'> (0x00000000e0afd2b0) thrown at [D:\src\AOSP-openjdk-cygwin\jdk8u\hotspot\src\share\vm\prims\jni.cpp, line 709]
Event: 6501.004 Thread 0x000000001dde9000 Exception <a 'sun/nio/fs/WindowsException'> (0x00000000e0aff450) thrown at [D:\src\AOSP-openjdk-cygwin\jdk8u\hotspot\src\share\vm\prims\jni.cpp, line 709]
Event: 6501.004 Thread 0x000000001dde9000 Exception <a 'sun/nio/fs/WindowsException'> (0x00000000e0b000f8) thrown at [D:\src\AOSP-openjdk-cygwin\jdk8u\hotspot\src\share\vm\prims\jni.cpp, line 709]
Event: 6501.005 Thread 0x000000001dde9000 Exception <a 'sun/nio/fs/WindowsException'> (0x00000000e0b02198) thrown at [D:\src\AOSP-openjdk-cygwin\jdk8u\hotspot\src\share\vm\prims\jni.cpp, line 709]
Event: 6501.005 Thread 0x000000001dde9000 Exception <a 'sun/nio/fs/WindowsException'> (0x00000000e0b02e38) thrown at [D:\src\AOSP-openjdk-cygwin\jdk8u\hotspot\src\share\vm\prims\jni.cpp, line 709]

Events (10 events):
Event: 6503.103 Executing VM operation: RevokeBias
Event: 6503.103 Executing VM operation: RevokeBias done
Event: 6503.115 Executing VM operation: RevokeBias
Event: 6503.115 Executing VM operation: RevokeBias done
Event: 6503.127 Executing VM operation: RevokeBias
Event: 6503.127 Executing VM operation: RevokeBias done
Event: 6503.140 Executing VM operation: RevokeBias
Event: 6503.140 Executing VM operation: RevokeBias done
Event: 6503.142 Thread 0x0000000017d8d000 flushing nmethod 0x00000000040f2c10
Event: 6503.146 Thread 0x0000000017d8d000 flushing nmethod 0x0000000004369e10


Dynamic libraries:
0x00007ff6a9c10000 - 0x00007ff6a9c41000 	C:\Program Files\Android\Android Studio\jre\bin\java.exe
0x00007ffd5e8e0000 - 0x00007ffd5eab0000 	C:\windows\SYSTEM32\ntdll.dll
0x00007ffd5dd10000 - 0x00007ffd5ddbc000 	C:\windows\System32\KERNEL32.DLL
0x00007ffd5af80000 - 0x00007ffd5b19d000 	C:\windows\System32\KERNELBASE.dll
0x000000006d4c0000 - 0x000000006d555000 	C:\windows\System32\SYSFER.DLL
0x00007ffd5bed0000 - 0x00007ffd5bf72000 	C:\windows\System32\ADVAPI32.dll
0x00007ffd5c090000 - 0x00007ffd5c12e000 	C:\windows\System32\msvcrt.dll
0x00007ffd5e880000 - 0x00007ffd5e8d9000 	C:\windows\System32\sechost.dll
0x00007ffd5e540000 - 0x00007ffd5e661000 	C:\windows\System32\RPCRT4.dll
0x00007ffd5c130000 - 0x00007ffd5c295000 	C:\windows\System32\USER32.dll
0x00007ffd5af60000 - 0x00007ffd5af7e000 	C:\windows\System32\win32u.dll
0x00007ffd5e2f0000 - 0x00007ffd5e324000 	C:\windows\System32\GDI32.dll
0x00007ffd5add0000 - 0x00007ffd5af51000 	C:\windows\System32\gdi32full.dll
0x00007ffd4d410000 - 0x00007ffd4d68a000 	C:\windows\WinSxS\amd64_microsoft.windows.common-controls_6595b64144ccf1df_6.0.14393.2273_none_7de240fc83403786\COMCTL32.dll
0x00007ffd5c3a0000 - 0x00007ffd5c668000 	C:\windows\System32\combase.dll
0x00007ffd5ba50000 - 0x00007ffd5bb45000 	C:\windows\System32\ucrtbase.dll
0x00007ffd5b880000 - 0x00007ffd5b8ea000 	C:\windows\System32\bcryptPrimitives.dll
0x00007ffd5dce0000 - 0x00007ffd5dd0e000 	C:\windows\System32\IMM32.DLL
0x000000006cd60000 - 0x000000006ce32000 	C:\Program Files\Android\Android Studio\jre\jre\bin\msvcr100.dll
0x000000006c2d0000 - 0x000000006cb0f000 	C:\Program Files\Android\Android Studio\jre\jre\bin\server\jvm.dll
0x00007ffd5c2c0000 - 0x00007ffd5c2c8000 	C:\windows\System32\PSAPI.DLL
0x00007ffd54600000 - 0x00007ffd54609000 	C:\windows\SYSTEM32\WSOCK32.dll
0x00007ffd5e670000 - 0x00007ffd5e6da000 	C:\windows\System32\WS2_32.dll
0x00007ffd590d0000 - 0x00007ffd590f3000 	C:\windows\SYSTEM32\WINMM.dll
0x00007ffd5a050000 - 0x00007ffd5a05a000 	C:\windows\SYSTEM32\VERSION.dll
0x00007ffd58dc0000 - 0x00007ffd58deb000 	C:\windows\SYSTEM32\WINMMBASE.dll
0x00007ffd5ba00000 - 0x00007ffd5ba42000 	C:\windows\System32\cfgmgr32.dll
0x00007ffd50d60000 - 0x00007ffd50d6f000 	C:\Program Files\Android\Android Studio\jre\jre\bin\verify.dll
0x00007ffd4e9e0000 - 0x00007ffd4ea09000 	C:\Program Files\Android\Android Studio\jre\jre\bin\java.dll
0x00007ffd50d40000 - 0x00007ffd50d56000 	C:\Program Files\Android\Android Studio\jre\jre\bin\zip.dll
0x00007ffd5c7d0000 - 0x00007ffd5dcd5000 	C:\windows\System32\SHELL32.dll
0x00007ffd5b1a0000 - 0x00007ffd5b879000 	C:\windows\System32\windows.storage.dll
0x00007ffd5ad70000 - 0x00007ffd5adbc000 	C:\windows\System32\powrprof.dll
0x00007ffd5e330000 - 0x00007ffd5e382000 	C:\windows\System32\shlwapi.dll
0x00007ffd5ad60000 - 0x00007ffd5ad6f000 	C:\windows\System32\kernel.appcore.dll
0x00007ffd5b950000 - 0x00007ffd5b9f9000 	C:\windows\System32\shcore.dll
0x00007ffd5ad40000 - 0x00007ffd5ad54000 	C:\windows\System32\profapi.dll
0x00007ffd501d0000 - 0x00007ffd501ea000 	C:\Program Files\Android\Android Studio\jre\jre\bin\net.dll
0x00007ffd5a610000 - 0x00007ffd5a66c000 	C:\windows\system32\mswsock.dll
0x00007ffd4e9c0000 - 0x00007ffd4e9d1000 	C:\Program Files\Android\Android Studio\jre\jre\bin\nio.dll
0x00007ffd4ae90000 - 0x00007ffd4aeae000 	C:\Users\User\.gradle\native\25\windows-amd64\native-platform.dll
0x00007ffd4e9b0000 - 0x00007ffd4e9bd000 	C:\Program Files\Android\Android Studio\jre\jre\bin\management.dll
0x00007ffd5a7b0000 - 0x00007ffd5a7c7000 	C:\windows\SYSTEM32\CRYPTSP.dll
0x00007ffd5a210000 - 0x00007ffd5a243000 	C:\windows\system32\rsaenh.dll
0x00007ffd5ac80000 - 0x00007ffd5acab000 	C:\windows\SYSTEM32\bcrypt.dll
0x00007ffd5a490000 - 0x00007ffd5a4af000 	C:\windows\SYSTEM32\USERENV.dll
0x00007ffd5a7d0000 - 0x00007ffd5a7db000 	C:\windows\SYSTEM32\CRYPTBASE.dll
0x00007ffd5a390000 - 0x00007ffd5a3c8000 	C:\windows\SYSTEM32\IPHLPAPI.DLL
0x00007ffd5e390000 - 0x00007ffd5e398000 	C:\windows\System32\NSI.dll
0x00007ffd56a80000 - 0x00007ffd56a96000 	C:\windows\SYSTEM32\dhcpcsvc6.DLL
0x00007ffd56d80000 - 0x00007ffd56d9a000 	C:\windows\SYSTEM32\dhcpcsvc.DLL
0x00007ffd4c8d0000 - 0x00007ffd4c8f4000 	C:\Program Files\Android\Android Studio\jre\jre\bin\sunec.dll
0x00007ffd5a3e0000 - 0x00007ffd5a481000 	C:\windows\SYSTEM32\DNSAPI.dll
0x00007ffd54310000 - 0x00007ffd5431a000 	C:\Windows\System32\rasadhlp.dll
0x00007ffd54460000 - 0x00007ffd544ca000 	C:\windows\System32\fwpuclnt.dll
0x00007ffd42ca0000 - 0x00007ffd42cab000 	C:\Program Files\Android\Android Studio\jre\jre\bin\sunmscapi.dll
0x00007ffd5bb50000 - 0x00007ffd5bd19000 	C:\windows\System32\CRYPT32.dll
0x00007ffd5adc0000 - 0x00007ffd5add0000 	C:\windows\System32\MSASN1.dll
0x00007ffd592c0000 - 0x00007ffd5933a000 	C:\windows\system32\apphelp.dll
0x00007ffd4ceb0000 - 0x00007ffd4cece000 	C:\Users\User\AppData\Local\Temp\native-platform165949542279991586dir\native-platform.dll
0x00007ffd59980000 - 0x00007ffd599b2000 	C:\windows\SYSTEM32\ntmarta.dll

VM Arguments:
jvm_args: -Xmx1536m -Dfile.encoding=x-windows-950 -Duser.country=TW -Duser.language=zh -Duser.variant 
java_command: org.gradle.launcher.daemon.bootstrap.GradleDaemon 4.4
java_class_path (initial): C:\Users\User\.gradle\wrapper\dists\gradle-4.4-all\9br9xq1tocpiv8o6njlyu5op1\gradle-4.4\lib\gradle-launcher-4.4.jar
Launcher Type: SUN_STANDARD

Environment Variables:
PATH=C:\Program Files (x86)\Common Files\Oracle\Java\javapath;C:\Program Files (x86)\Intel\Intel(R) Management Engine Components\iCLS\;C:\Program Files\Intel\Intel(R) Management Engine Components\iCLS\;C:\ProgramData\Oracle\Java\javapath;C:\PROGRA~2\Borland\CBUILD~1\Projects\Bpl;C:\PROGRA~2\Borland\CBUILD~1\Bin;C:\windows\system32;C:\windows;C:\windows\System32\Wbem;"C:\Program Files\Java\jdk-10.0.2\bin";C:\Program Files\dotnet\;C:\Program Files (x86)\Common Files\Ulead Systems\MPEG;C:\Program Files (x86)\Common Files\Ulead Systems\DVD;C:\Program Files (x86)\Intel\Intel(R) Management Engine Components\DAL;C:\Program Files\Intel\Intel(R) Management Engine Components\DAL;C:\Program Files (x86)\Intel\Intel(R) Management Engine Components\IPT;C:\Program Files\Intel\Intel(R) Management Engine Components\IPT;C:\Program Files\MATLAB\R2017b\runtime\win64;C:\Program Files\MATLAB\R2017b\bin;C:\Program Files (x86)\Microsoft SQL Server\110\Tools\Binn\;C:\Program Files\Microsoft SQL Server\110\Tools\Binn\;C:\Program Files\Microsoft SQL Server\110\DTS\Binn\;C:\Program Files (x86)\Common Files\AspenTech Shared\;C:\Program Files\Git\cmd;C:\Program Files\Microsoft SQL Server\130\Tools\Binn\;C:\Users\User\AppData\Local\Microsoft\WindowsApps;AspenTech\Aspen Hydraulics;C:\Program Files (x86)\g95\bin
USERNAME=User
OS=Windows_NT
PROCESSOR_IDENTIFIER=Intel64 Family 6 Model 158 Stepping 10, GenuineIntel



---------------  S Y S T E M  ---------------

OS: Windows 10.0 , 64 bit Build 14393 (10.0.14393.2214)

CPU:total 6 (initial active 6) (6 cores per cpu, 1 threads per core) family 6 model 158 stepping 10, cmov, cx8, fxsr, mmx, sse, sse2, sse3, ssse3, sse4.1, sse4.2, popcnt, avx, avx2, clmul, erms, rtm, 3dnowpref, lzcnt, tsc, tscinvbit, bmi1, bmi2, adx

Memory: 4k page, physical 8267264k(537220k free), swap 10364416k(884k free)

vm_info: OpenJDK 64-Bit Server VM (25.152-b02) for windows-amd64 JRE (1.8.0_152-release-1024-b02), built by "builder" with MS VC++ 10.0 (VS2010)

time: Thu Dec 13 14:57:30 2018
elapsed time: 6503 seconds (0d 1h 48m 23s)

